<?xml version="1.0" encoding="UTF-8"?>
<testng-results ignored="0" total="8" passed="7" failed="1" skipped="0">
  <reporter-output>
  </reporter-output>
  <suite started-at="2021-11-22T20:25:05 IST" name="Default suite" finished-at="2021-11-22T20:26:31 IST" duration-ms="85846">
    <groups>
    </groups>
    <test started-at="2021-11-22T20:25:05 IST" name="Default test" finished-at="2021-11-22T20:26:31 IST" duration-ms="85846">
      <class name="com.jbk.test.DashboardPageTest">
        <test-method is-config="true" signature="setup()[pri:0, instance:com.jbk.test.DashboardPageTest@120f102b]" started-at="2021-11-22T20:25:05 IST" name="setup" finished-at="2021-11-22T20:25:16 IST" duration-ms="11135" status="PASS">
          <reporter-output>
          </reporter-output>
        </test-method> <!-- setup -->
        <test-method signature="validateHeadingText()[pri:1, instance:com.jbk.test.DashboardPageTest@120f102b]" started-at="2021-11-22T20:25:16 IST" name="validateHeadingText" finished-at="2021-11-22T20:25:16 IST" duration-ms="61" status="PASS">
          <reporter-output>
          </reporter-output>
        </test-method> <!-- validateHeadingText -->
        <test-method is-config="true" signature="tearDown()[pri:0, instance:com.jbk.test.DashboardPageTest@120f102b]" started-at="2021-11-22T20:25:16 IST" name="tearDown" finished-at="2021-11-22T20:25:16 IST" duration-ms="183" status="PASS">
          <reporter-output>
          </reporter-output>
        </test-method> <!-- tearDown -->
        <test-method is-config="true" signature="setup()[pri:0, instance:com.jbk.test.DashboardPageTest@120f102b]" started-at="2021-11-22T20:25:16 IST" name="setup" finished-at="2021-11-22T20:25:26 IST" duration-ms="9958" status="PASS">
          <reporter-output>
          </reporter-output>
        </test-method> <!-- setup -->
        <test-method signature="checkMenuList()[pri:2, instance:com.jbk.test.DashboardPageTest@120f102b]" started-at="2021-11-22T20:25:26 IST" name="checkMenuList" finished-at="2021-11-22T20:25:27 IST" duration-ms="158" status="PASS">
          <reporter-output>
          </reporter-output>
        </test-method> <!-- checkMenuList -->
        <test-method is-config="true" signature="tearDown()[pri:0, instance:com.jbk.test.DashboardPageTest@120f102b]" started-at="2021-11-22T20:25:27 IST" name="tearDown" finished-at="2021-11-22T20:25:27 IST" duration-ms="200" status="PASS">
          <reporter-output>
          </reporter-output>
        </test-method> <!-- tearDown -->
        <test-method is-config="true" signature="setup()[pri:0, instance:com.jbk.test.DashboardPageTest@120f102b]" started-at="2021-11-22T20:25:27 IST" name="setup" finished-at="2021-11-22T20:25:37 IST" duration-ms="10000" status="PASS">
          <reporter-output>
          </reporter-output>
        </test-method> <!-- setup -->
        <test-method signature="checkCourseList()[pri:3, instance:com.jbk.test.DashboardPageTest@120f102b]" started-at="2021-11-22T20:25:37 IST" name="checkCourseList" finished-at="2021-11-22T20:25:37 IST" duration-ms="108" status="PASS">
          <reporter-output>
          </reporter-output>
        </test-method> <!-- checkCourseList -->
        <test-method is-config="true" signature="tearDown()[pri:0, instance:com.jbk.test.DashboardPageTest@120f102b]" started-at="2021-11-22T20:25:37 IST" name="tearDown" finished-at="2021-11-22T20:25:37 IST" duration-ms="102" status="PASS">
          <reporter-output>
          </reporter-output>
        </test-method> <!-- tearDown -->
        <test-method is-config="true" signature="setup()[pri:0, instance:com.jbk.test.DashboardPageTest@120f102b]" started-at="2021-11-22T20:25:37 IST" name="setup" finished-at="2021-11-22T20:25:47 IST" duration-ms="9544" status="PASS">
          <reporter-output>
          </reporter-output>
        </test-method> <!-- setup -->
        <test-method signature="checkSubCourseList()[pri:4, instance:com.jbk.test.DashboardPageTest@120f102b]" started-at="2021-11-22T20:25:47 IST" name="checkSubCourseList" finished-at="2021-11-22T20:25:47 IST" duration-ms="184" status="FAIL">
          <exception class="java.io.FileNotFoundException">
            <message>
              <![CDATA[ExcelData\CoursesList.xlsx (The system cannot find the path specified)]]>
            </message>
            <full-stacktrace>
              <![CDATA[java.io.FileNotFoundException: ExcelData\CoursesList.xlsx (The system cannot find the path specified)
at java.base/java.io.FileInputStream.open0(Native Method)
at java.base/java.io.FileInputStream.open(FileInputStream.java:211)
at java.base/java.io.FileInputStream.<init>(FileInputStream.java:153)
at java.base/java.io.FileInputStream.<init>(FileInputStream.java:108)
at com.jbk.test.DashboardPageTest.checkSubCourseList(DashboardPageTest.java:95)
at java.base/jdk.internal.reflect.NativeMethodAccessorImpl.invoke0(Native Method)
at java.base/jdk.internal.reflect.NativeMethodAccessorImpl.invoke(NativeMethodAccessorImpl.java:78)
at java.base/jdk.internal.reflect.DelegatingMethodAccessorImpl.invoke(DelegatingMethodAccessorImpl.java:43)
at java.base/java.lang.reflect.Method.invoke(Method.java:567)
at org.testng.internal.MethodInvocationHelper.invokeMethod(MethodInvocationHelper.java:133)
at org.testng.internal.TestInvoker.invokeMethod(TestInvoker.java:598)
at org.testng.internal.TestInvoker.invokeTestMethod(TestInvoker.java:173)
at org.testng.internal.MethodRunner.runInSequence(MethodRunner.java:46)
at org.testng.internal.TestInvoker$MethodInvocationAgent.invoke(TestInvoker.java:824)
at org.testng.internal.TestInvoker.invokeTestMethods(TestInvoker.java:146)
at org.testng.internal.TestMethodWorker.invokeTestMethods(TestMethodWorker.java:146)
at org.testng.internal.TestMethodWorker.run(TestMethodWorker.java:128)
at java.base/java.util.ArrayList.forEach(ArrayList.java:1511)
at org.testng.TestRunner.privateRun(TestRunner.java:794)
at org.testng.TestRunner.run(TestRunner.java:596)
at org.testng.SuiteRunner.runTest(SuiteRunner.java:377)
at org.testng.SuiteRunner.runSequentially(SuiteRunner.java:371)
at org.testng.SuiteRunner.privateRun(SuiteRunner.java:332)
at org.testng.SuiteRunner.run(SuiteRunner.java:276)
at org.testng.SuiteRunnerWorker.runSuite(SuiteRunnerWorker.java:53)
at org.testng.SuiteRunnerWorker.run(SuiteRunnerWorker.java:96)
at org.testng.TestNG.runSuitesSequentially(TestNG.java:1212)
at org.testng.TestNG.runSuitesLocally(TestNG.java:1134)
at org.testng.TestNG.runSuites(TestNG.java:1063)
at org.testng.TestNG.run(TestNG.java:1031)
at org.testng.remote.AbstractRemoteTestNG.run(AbstractRemoteTestNG.java:115)
at org.testng.remote.RemoteTestNG.initAndRun(RemoteTestNG.java:251)
at org.testng.remote.RemoteTestNG.main(RemoteTestNG.java:77)
]]>
            </full-stacktrace>
          </exception> <!-- java.io.FileNotFoundException -->
          <reporter-output>
          </reporter-output>
        </test-method> <!-- checkSubCourseList -->
        <test-method is-config="true" signature="tearDown()[pri:0, instance:com.jbk.test.DashboardPageTest@120f102b]" started-at="2021-11-22T20:25:47 IST" name="tearDown" finished-at="2021-11-22T20:25:47 IST" duration-ms="188" status="PASS">
          <reporter-output>
          </reporter-output>
        </test-method> <!-- tearDown -->
        <test-method is-config="true" signature="setup()[pri:0, instance:com.jbk.test.DashboardPageTest@120f102b]" started-at="2021-11-22T20:25:47 IST" name="setup" finished-at="2021-11-22T20:25:57 IST" duration-ms="9711" status="PASS">
          <reporter-output>
          </reporter-output>
        </test-method> <!-- setup -->
        <test-method signature="checkUsersLinkMenu()[pri:5, instance:com.jbk.test.DashboardPageTest@120f102b]" started-at="2021-11-22T20:25:57 IST" name="checkUsersLinkMenu" finished-at="2021-11-22T20:25:57 IST" duration-ms="477" status="PASS">
          <reporter-output>
          </reporter-output>
        </test-method> <!-- checkUsersLinkMenu -->
        <test-method is-config="true" signature="tearDown()[pri:0, instance:com.jbk.test.DashboardPageTest@120f102b]" started-at="2021-11-22T20:25:57 IST" name="tearDown" finished-at="2021-11-22T20:25:59 IST" duration-ms="2075" status="PASS">
          <reporter-output>
          </reporter-output>
        </test-method> <!-- tearDown -->
        <test-method is-config="true" signature="setup()[pri:0, instance:com.jbk.test.DashboardPageTest@120f102b]" started-at="2021-11-22T20:25:59 IST" name="setup" finished-at="2021-11-22T20:26:09 IST" duration-ms="9545" status="PASS">
          <reporter-output>
          </reporter-output>
        </test-method> <!-- setup -->
        <test-method signature="checkOperatorsLinkMenu()[pri:6, instance:com.jbk.test.DashboardPageTest@120f102b]" started-at="2021-11-22T20:26:09 IST" name="checkOperatorsLinkMenu" finished-at="2021-11-22T20:26:09 IST" duration-ms="436" status="PASS">
          <reporter-output>
          </reporter-output>
        </test-method> <!-- checkOperatorsLinkMenu -->
        <test-method is-config="true" signature="tearDown()[pri:0, instance:com.jbk.test.DashboardPageTest@120f102b]" started-at="2021-11-22T20:26:09 IST" name="tearDown" finished-at="2021-11-22T20:26:09 IST" duration-ms="127" status="PASS">
          <reporter-output>
          </reporter-output>
        </test-method> <!-- tearDown -->
        <test-method is-config="true" signature="setup()[pri:0, instance:com.jbk.test.DashboardPageTest@120f102b]" started-at="2021-11-22T20:26:09 IST" name="setup" finished-at="2021-11-22T20:26:18 IST" duration-ms="9056" status="PASS">
          <reporter-output>
          </reporter-output>
        </test-method> <!-- setup -->
        <test-method signature="checkDownloadsLinkMenu()[pri:7, instance:com.jbk.test.DashboardPageTest@120f102b]" started-at="2021-11-22T20:26:18 IST" name="checkDownloadsLinkMenu" finished-at="2021-11-22T20:26:19 IST" duration-ms="404" status="PASS">
          <reporter-output>
          </reporter-output>
        </test-method> <!-- checkDownloadsLinkMenu -->
        <test-method is-config="true" signature="tearDown()[pri:0, instance:com.jbk.test.DashboardPageTest@120f102b]" started-at="2021-11-22T20:26:19 IST" name="tearDown" finished-at="2021-11-22T20:26:21 IST" duration-ms="2087" status="PASS">
          <reporter-output>
          </reporter-output>
        </test-method> <!-- tearDown -->
        <test-method is-config="true" signature="setup()[pri:0, instance:com.jbk.test.DashboardPageTest@120f102b]" started-at="2021-11-22T20:26:21 IST" name="setup" finished-at="2021-11-22T20:26:30 IST" duration-ms="9612" status="PASS">
          <reporter-output>
          </reporter-output>
        </test-method> <!-- setup -->
        <test-method signature="checkLogoutLinkMenu()[pri:8, instance:com.jbk.test.DashboardPageTest@120f102b]" started-at="2021-11-22T20:26:30 IST" name="checkLogoutLinkMenu" finished-at="2021-11-22T20:26:31 IST" duration-ms="291" status="PASS">
          <reporter-output>
          </reporter-output>
        </test-method> <!-- checkLogoutLinkMenu -->
        <test-method is-config="true" signature="tearDown()[pri:0, instance:com.jbk.test.DashboardPageTest@120f102b]" started-at="2021-11-22T20:26:31 IST" name="tearDown" finished-at="2021-11-22T20:26:31 IST" duration-ms="114" status="PASS">
          <reporter-output>
          </reporter-output>
        </test-method> <!-- tearDown -->
      </class> <!-- com.jbk.test.DashboardPageTest -->
    </test> <!-- Default test -->
  </suite> <!-- Default suite -->
</testng-results>
