<?xml version="1.0" encoding="UTF-8"?>
<testng-results ignored="7" total="8" passed="1" failed="0" skipped="0">
  <reporter-output>
  </reporter-output>
  <suite started-at="2021-11-23T08:49:47 IST" name="Default suite" finished-at="2021-11-23T08:49:57 IST" duration-ms="9800">
    <groups>
    </groups>
    <test started-at="2021-11-23T08:49:47 IST" name="Default test" finished-at="2021-11-23T08:49:57 IST" duration-ms="9800">
      <class name="com.jbk.test.UserPageTest">
        <test-method is-config="true" signature="setup()[pri:0, instance:com.jbk.test.UserPageTest@b62d79]" started-at="2021-11-23T08:49:47 IST" name="setup" finished-at="2021-11-23T08:49:55 IST" duration-ms="7519" status="PASS">
          <reporter-output>
          </reporter-output>
        </test-method> <!-- setup -->
        <test-method signature="validateGmailUsers()[pri:8, instance:com.jbk.test.UserPageTest@b62d79]" started-at="2021-11-23T08:49:55 IST" name="validateGmailUsers" description="verifying that all users having correct gmail" finished-at="2021-11-23T08:49:55 IST" duration-ms="137" status="PASS">
          <reporter-output>
          </reporter-output>
        </test-method> <!-- validateGmailUsers -->
        <test-method is-config="true" signature="tearDown()[pri:0, instance:com.jbk.test.UserPageTest@b62d79]" started-at="2021-11-23T08:49:55 IST" name="tearDown" finished-at="2021-11-23T08:49:57 IST" duration-ms="2077" status="PASS">
          <reporter-output>
          </reporter-output>
        </test-method> <!-- tearDown -->
      </class> <!-- com.jbk.test.UserPageTest -->
    </test> <!-- Default test -->
  </suite> <!-- Default suite -->
</testng-results>
