<?xml version="1.0" encoding="UTF-8"?>
<!-- Generated by org.testng.reporters.JUnitXMLReporter -->
<testsuite ignored="0" hostname="Shri-PC" failures="0" tests="32" name="Test" time="145.224" errors="0" timestamp="2021-11-24T15:28:36 IST">
  <testcase classname="com.jbk.test.LoginTest" name="ValidateTitle" time="0.045"/>
  <testcase classname="com.jbk.test.LoginTest" name="validateImage" time="0.275"/>
  <testcase classname="com.jbk.test.LoginTest" name="ValidateHeadingText" time="0.149"/>
  <testcase classname="com.jbk.test.LoginTest" name="validatePasswordSuggestion" time="2.348"/>
  <testcase classname="com.jbk.test.LoginTest" name="validateEmailSuggestion" time="0.463"/>
  <testcase classname="com.jbk.test.LoginTest" name="validateCourseText" time="0.085"/>
  <testcase classname="com.jbk.test.LoginTest" name="checkRegistrationLink" time="0.354"/>
  <testcase classname="com.jbk.test.LoginTest" name="verifyValidLogin" time="0.764"/>
  <testcase classname="com.jbk.test.AddUserPageTest" name="VerifyAddUserAlertMsg" time="0.889"/>
  <testcase classname="com.jbk.test.AddUserPageTest" name="validateTitleAfterClickOnCancle" time="0.264"/>
  <testcase classname="com.jbk.test.UserPageTest" name="validateHeader" time="0.063"/>
  <testcase classname="com.jbk.test.UserPageTest" name="validateBoxHeader" time="0.065"/>
  <testcase classname="com.jbk.test.UserPageTest" name="checkColumnName" time="1.494"/>
  <testcase classname="com.jbk.test.UserPageTest" name="validateTotalNumberOfUsers" time="0.284"/>
  <testcase classname="com.jbk.test.UserPageTest" name="validateMaleUsers" time="0.278"/>
  <testcase classname="com.jbk.test.UserPageTest" name="validateFemaleUsers" time="0.44"/>
  <testcase classname="com.jbk.test.UserPageTest" name="validateStateUsers" time="0.35"/>
  <testcase classname="com.jbk.test.UserPageTest" name="validateGmailUsers" time="0.228"/>
  <testcase classname="com.jbk.test.UserPageTest" name="validateKiranCourse" time="0.309"/>
  <testcase classname="com.jbk.test.UserPageTest" name="validateSagarState" time="0.325"/>
  <testcase classname="com.jbk.test.UserPageTest" name="InvalidMobileUsers" time="0.296"/>
  <testcase classname="com.jbk.test.UserPageTest" name="validateAddUserPageTitle" time="0.233"/>
  <testcase classname="com.jbk.test.RegistrationPageTest" name="checkAlreadyMembershipLink" time="0.183"/>
  <testcase classname="com.jbk.test.RegistrationPageTest" name="checkRegisteredAlertMsg" time="0.675"/>
  <testcase classname="com.jbk.test.DashboardPageTest" name="validateHeadingText" time="0.093"/>
  <testcase classname="com.jbk.test.DashboardPageTest" name="checkMenuList" time="0.172"/>
  <testcase classname="com.jbk.test.DashboardPageTest" name="checkCourseList" time="0.211"/>
  <testcase classname="com.jbk.test.DashboardPageTest" name="checkSubCourseList" time="0.189"/>
  <testcase classname="com.jbk.test.DashboardPageTest" name="checkUsersLinkMenu" time="0.267"/>
  <testcase classname="com.jbk.test.DashboardPageTest" name="checkOperatorsLinkMenu" time="0.326"/>
  <testcase classname="com.jbk.test.DashboardPageTest" name="checkDownloadsLinkMenu" time="0.323"/>
  <testcase classname="com.jbk.test.DashboardPageTest" name="checkLogoutLinkMenu" time="0.266"/>
</testsuite> <!-- Test -->
