<?xml version="1.0" encoding="UTF-8"?>
<!-- Generated by org.testng.reporters.JUnitXMLReporter -->
<testsuite ignored="7" hostname="Shri-PC" failures="0" tests="1" name="Default test" time="9.8" errors="0" timestamp="2021-11-23T08:49:57 IST">
  <testcase classname="com.jbk.test.UserPageTest" name="validateGmailUsers" time="0.137"/>
  <testcase classname="com.jbk.test.UserPageTest" name="validateMaleUsers" time="0.0">
    <ignored/>
  </testcase> <!-- validateMaleUsers -->
  <testcase classname="com.jbk.test.UserPageTest" name="validateBoxHeader" time="0.0">
    <ignored/>
  </testcase> <!-- validateBoxHeader -->
  <testcase classname="com.jbk.test.UserPageTest" name="validateTotalNumberOfUsers" time="0.0">
    <ignored/>
  </testcase> <!-- validateTotalNumberOfUsers -->
  <testcase classname="com.jbk.test.UserPageTest" name="validateFemaleUsers" time="0.0">
    <ignored/>
  </testcase> <!-- validateFemaleUsers -->
  <testcase classname="com.jbk.test.UserPageTest" name="validateStateUsers" time="0.0">
    <ignored/>
  </testcase> <!-- validateStateUsers -->
  <testcase classname="com.jbk.test.UserPageTest" name="validateHeader" time="0.0">
    <ignored/>
  </testcase> <!-- validateHeader -->
  <testcase classname="com.jbk.test.UserPageTest" name="checkColumnName" time="0.0">
    <ignored/>
  </testcase> <!-- checkColumnName -->
</testsuite> <!-- Default test -->
